generated_at_utc=2026-07-21T11:40:34Z
mode=FAIL_CLOSED
phase_3_status=READY_LOCAL_REPLAY
delta_maglo_rc=rc3.2.1
delta_maglo_verdict=LOCAL_DUAL_RUNTIME_RECOMPUTE_ONLY
global_ceiling=LAB_ONLY
run_directory=real_contact_logs/run_20260721_114100
hash_file=replay_outputs/run_20260721_114100_sha256.txt
checks_passed=11
checks_failed=0
verdict=PASS_LOCAL_ONLY
stdout.log_exists=PASS
stdout.log_shell_python_match=PASS
stdout.log_manifest_match=PASS
environment.json_exists=PASS
environment.json_shell_python_match=PASS
environment.json_manifest_match=PASS
result.json_exists=PASS
result.json_shell_python_match=PASS
result.json_manifest_match=PASS
execution_manifest.json_exists=PASS
execution_manifest.json_shell_python_match=PASS
e5db9ecb8816e40291c3a1340bfdec0d5d9f52a4e56cbe8619e740dcd706444f  real_contact_logs/run_20260721_114100/stdout.log
5318fa580c9f6da41e0ecb8678a05f0050781b071a10e0abdf9089a2c8220401  real_contact_logs/run_20260721_114100/environment.json
af8204a04f1f2c30a4f58472c44561289930dbe9e212b00adf6024ca7a2ca778  real_contact_logs/run_20260721_114100/result.json
4d7c8f44fcfc39054a7a9cc40a493f964b69d2b91a1341d7b64e72c957887dcd  real_contact_logs/run_20260721_114100/execution_manifest.json
