=== EXECUTION START ===
command: date -Iseconds
2026-07-08T15:21:45+00:00
command: uname -a
Linux runnervmkkn4f 6.17.0-1018-azure #18~24.04.1-Ubuntu SMP Thu May 28 16:39:11 UTC 2026 x86_64 x86_64 x86_64 GNU/Linux
command: id
uid=1001(runner) gid=1001(runner) groups=1001(runner),4(adm),100(users),118(docker),999(systemd-journal)
command: ls -la
total 52
drwxr-xr-x 4 runner runner 4096 Jul  8 15:20 .
drwxr-xr-x 3 runner runner 4096 Jul  8 15:20 ..
drwxrwxr-x 7 runner runner 4096 Jul  8 15:21 .git
-rw-rw-r-- 1 runner runner 2380 Jul  8 15:20 EXECUTION_PHASES.md
-rw-rw-r-- 1 runner runner 1072 Jul  8 15:20 LICENSE
-rw-rw-r-- 1 runner runner  319 Jul  8 15:20 README.md
-rw-rw-r-- 1 runner runner 1065 Jul  8 15:20 artifact_hashes.txt
-rwxrwxr-x 1 runner runner 2349 Jul  8 15:21 execute_harbor_forensic_v2_corrected.sh
-rwxrwxr-x 1 runner runner  188 Jul  8 15:20 generate_hashes.sh
-rw-rw-r-- 1 runner runner   95 Jul  8 15:20 git_commit.txt
-rw-rw-r-- 1 runner runner  149 Jul  8 15:20 git_status.txt
-rw-rw-r-- 1 runner runner  507 Jul  8 15:20 hash_verify.log
drwxrwxr-x 6 runner runner 4096 Jul  8 15:21 real_contact_logs
command: curl -sS --fail https://api.github.com
