=== EXECUTION START ===
command: date -Iseconds
2026-07-08T17:00:56+00:00
command: uname -a
Linux runnervm5mmn9 6.17.0-1018-azure #18~24.04.1-Ubuntu SMP Thu May 28 16:39:11 UTC 2026 x86_64 x86_64 x86_64 GNU/Linux
command: id
uid=1001(runner) gid=1001(runner) groups=1001(runner),4(adm),100(users),118(docker),999(systemd-journal)
command: ls -la
total 104
drwxr-xr-x 8 runner runner 4096 Jul  8 17:00 .
drwxr-xr-x 3 runner runner 4096 Jul  8 16:59 ..
drwxrwxr-x 7 runner runner 4096 Jul  8 17:00 .git
-rw-rw-r-- 1 runner runner 2380 Jul  8 17:00 EXECUTION_PHASES.md
-rw-rw-r-- 1 runner runner 3196 Jul  8 17:00 FINAL_EXECUTION_REPORT.md
-rw-rw-r-- 1 runner runner 1072 Jul  8 17:00 LICENSE
-rw-rw-r-- 1 runner runner  744 Jul  8 17:00 MISSING_ARTIFACTS.md
-rw-rw-r-- 1 runner runner  319 Jul  8 17:00 README.md
-rw-rw-r-- 1 runner runner 8348 Jul  8 17:00 artifact_hashes.txt
-rw-rw-r-- 1 runner runner  151 Jul  8 17:00 computation_output.json
drwxrwxr-x 2 runner runner 4096 Jul  8 17:00 deployments
-rw-rw-r-- 1 runner runner  239 Jul  8 17:00 environment.json
-rwxrwxr-x 1 runner runner 2338 Jul  8 17:00 execute_harbor_forensic_v2_corrected.sh
-rwxrwxr-x 1 runner runner  188 Jul  8 17:00 generate_hashes.sh
-rw-rw-r-- 1 runner runner   96 Jul  8 17:00 git_commit.txt
-rw-rw-r-- 1 runner runner  726 Jul  8 17:00 git_status.txt
-rw-rw-r-- 1 runner runner 3575 Jul  8 17:00 hash_verify.log
drwxrwxr-x 2 runner runner 4096 Jul  8 17:00 logs
-rw-rw-r-- 1 runner runner   31 Jul  8 17:00 network_output.json
drwxrwxr-x 5 runner runner 4096 Jul  8 17:00 real_contact_logs
drwxrwxr-x 2 runner runner 4096 Jul  8 17:00 replay_outputs
-rw-rw-r-- 1 runner runner  396 Jul  8 17:00 result.json
drwxrwxr-x 2 runner runner 4096 Jul  8 17:00 risk_outputs
-rw-rw-r-- 1 runner runner    0 Jul  8 17:00 stderr.log
-rw-rw-r-- 1 runner runner 2312 Jul  8 17:00 stdout.log
command: curl -s https://api.github.com
network_output_bytes: 31
command: python3 - (heredoc computation workload)
{"network_bytes": 31, "network_sha256": "dd0c698a40bb0909da56fca3c45bfc189abb0de9fa26719a219b1fd87e54739c", "prime_count": 5133, "prime_limit": 50000}
=== EXECUTION END ===
